#
# A fatal error has been detected by the Java Runtime Environment:
#
#  EXCEPTION_ACCESS_VIOLATION (0xc0000005) at pc=0x0000000070bd2a19, pid=11584, tid=6696
#
# JRE version: Java(TM) SE Runtime Environment (17.0.2+8) (build 17.0.2+8-LTS-86)
# Java VM: Java HotSpot(TM) 64-Bit Server VM (17.0.2+8-LTS-86, mixed mode, sharing, tiered, compressed oops, compressed class ptrs, g1 gc, windows-amd64)
# Problematic frame:
# C  [sqlite-3.36.0.3-eb9ddb10-aa0d-440b-a671-91fa7ec0b02d-sqlitejdbc.dll+0x12a19]
#
# No core dump will be written. Minidumps are not enabled by default on client versions of Windows
#
# If you would like to submit a bug report, please visit:
#   https://bugreport.java.com/bugreport/crash.jsp
# The crash happened outside the Java Virtual Machine in native code.
# See problematic frame for where to report the bug.
#

---------------  S U M M A R Y ------------

Command Line: -javaagent:C:\Program Files\JetBrains\IntelliJ IDEA Community Edition 2021.3.2\lib\idea_rt.jar=62702:C:\Program Files\JetBrains\IntelliJ IDEA Community Edition 2021.3.2\bin -Dfile.encoding=UTF-8 kz.prudnikov.test.Starter

Host: Intel(R) Core(TM) i5 CPU         650  @ 3.20GHz, 4 cores, 7G,  Windows 10 , 64 bit Build 19041 (10.0.19041.1889)
Time: Tue Oct 11 22:37:30 2022 Central Asia Standard Time elapsed time: 0.723215 seconds (0d 0h 0m 0s)

---------------  T H R E A D  ---------------

Current thread (0x0000020c4ef59950):  JavaThread "Thread-1" [_thread_in_native, id=6696, stack(0x000000a74e100000,0x000000a74e200000)]

Stack: [0x000000a74e100000,0x000000a74e200000],  sp=0x000000a74e1fed30,  free space=1019k
Native frames: (J=compiled Java code, j=interpreted, Vv=VM code, C=native code)
C  [sqlite-3.36.0.3-eb9ddb10-aa0d-440b-a671-91fa7ec0b02d-sqlitejdbc.dll+0x12a19]

Java frames: (J=compiled Java code, j=interpreted, Vv=VM code)
j  org.sqlite.core.NativeDB.column_int(JI)I+0
j  org.sqlite.jdbc3.JDBC3ResultSet.getInt(I)I+18
j  org.sqlite.jdbc3.JDBC3ResultSet.getInt(Ljava/lang/String;)I+6
j  kz.prudnikov.test.database.Database.checkClan2(Ljava/lang/String;)Lkz/prudnikov/test/objects/Player;+81
j  kz.prudnikov.test.Starter.putGoldToTreasure(I)V+30
j  kz.prudnikov.test.Starter.lambda$static$1()V+2
j  kz.prudnikov.test.Starter$$Lambda$15+0x0000000800c01418.run()V+0
j  java.lang.Thread.run()V+11 java.base@17.0.2
v  ~StubRoutines::call_stub

siginfo: EXCEPTION_ACCESS_VIOLATION (0xc0000005), reading address 0x0000000000000018


Register to memory mapping:

RIP=0x0000000070bd2a19 sqlite-3.36.0.3-eb9ddb10-aa0d-440b-a671-91fa7ec0b02d-sqlitejdbc.dll
RAX=0x0 is NULL
RBX=0x0000000000000001 is an unknown value
RCX=0x0000020c4e30ed78 points into unknown readable memory: 0x0000000000000000 | 00 00 00 00 00 00 00 00
RDX=0x0000000000000001 is an unknown value
RSP=0x000000a74e1fed30 is pointing into the stack for thread: 0x0000020c4ef59950
RBP=0x000000a74e1fee50 is pointing into the stack for thread: 0x0000020c4ef59950
RSI=0x0000020c4e30ed78 points into unknown readable memory: 0x0000000000000000 | 00 00 00 00 00 00 00 00
RDI=0x0000000000000148 is an unknown value
R8 =0x0000020c4e30ed78 points into unknown readable memory: 0x0000000000000000 | 00 00 00 00 00 00 00 00
R9 =0x0000000000000001 is an unknown value
R10=0x0000020c378fdefe is at code_begin+1182 in an Interpreter codelet
method entry point (kind = native_synchronized)  [0x0000020c378fda60, 0x0000020c378fe4c0]  2656 bytes
R11=0x0000000000000121 is an unknown value
R12=0x0 is NULL
R13={method} {0x0000020c4e82cd40} 'column_int' '(JI)I' in 'org/sqlite/core/NativeDB'
R14=0x000000a74e1fee88 is pointing into the stack for thread: 0x0000020c4ef59950
R15=0x0000020c4ef59950 is a thread


Registers:
RAX=0x0000000000000000, RBX=0x0000000000000001, RCX=0x0000020c4e30ed78, RDX=0x0000000000000001
RSP=0x000000a74e1fed30, RBP=0x000000a74e1fee50, RSI=0x0000020c4e30ed78, RDI=0x0000000000000148
R8 =0x0000020c4e30ed78, R9 =0x0000000000000001, R10=0x0000020c378fdefe, R11=0x0000000000000121
R12=0x0000000000000000, R13=0x0000020c4e82cd38, R14=0x000000a74e1fee88, R15=0x0000020c4ef59950
RIP=0x0000000070bd2a19, EFLAGS=0x0000000000010206

Top of Stack: (sp=0x000000a74e1fed30)
0x000000a74e1fed30:   0000020c4ef59950 000000a74e1fee88
0x000000a74e1fed40:   0000020c4e82cd38 0000000000000000
0x000000a74e1fed50:   0000020c4ef59950 0000020c4e30ed78
0x000000a74e1fed60:   0000020c4e42d628 0000000070bd2a71
0x000000a74e1fed70:   0000020c4e18f900 0000020c00000002
0x000000a74e1fed80:   0000020c4ef5e960 000000a74e1fedf8
0x000000a74e1fed90:   0000020c4ef5e860 00007fffa03dd4b0
0x000000a74e1feda0:   0000020c4e82cd38 0000020c378fdf2a
0x000000a74e1fedb0:   0000020c4e897bd0 000000a74e1fee08
0x000000a74e1fedc0:   0000000000000148 0000020c378fdc9b
0x000000a74e1fedd0:   0000020c4e82cd38 000000a74e1fee50
0x000000a74e1fede0:   0000020c4e42d628 000000a74e1fee00
0x000000a74e1fedf0:   0000020c378fdc45 0000000000000003
0x000000a74e1fee00:   0000000087cec790 000000a74e1fedf8
0x000000a74e1fee10:   0000020c4e82cd38 000000a74e1fee88
0x000000a74e1fee20:   0000020c4e880ed8 0000000000000000 

Instructions: (pc=0x0000000070bd2a19)
0x0000000070bd2919:   89 ce 75 4c 48 8b 19 48 8b 4b 18 e8 f0 16 ff ff
0x0000000070bd2929:   48 8d 44 24 2c 48 89 f2 48 89 d9 c7 44 24 2c 00
0x0000000070bd2939:   00 00 00 48 89 83 e0 02 00 00 e8 a8 fe ff ff 48
0x0000000070bd2949:   89 d9 48 89 f2 e8 f4 a6 ff ff 48 8b 4b 18 48 c7
0x0000000070bd2959:   83 e0 02 00 00 00 00 00 00 e8 ce 16 ff ff eb 20
0x0000000070bd2969:   48 63 d2 45 85 c0 48 8d 04 91 8b 90 ec 00 00 00
0x0000000070bd2979:   89 54 24 2c 74 0a c7 80 ec 00 00 00 00 00 00 00
0x0000000070bd2989:   8b 44 24 2c 48 83 c4 38 5b 5e c3 55 57 56 53 48
0x0000000070bd2999:   83 ec 28 8d 42 ff 89 d7 44 89 c5 44 89 ce 83 f8
0x0000000070bd29a9:   01 77 49 48 8b 19 44 89 ca 48 89 d9 e8 ff d7 ff
0x0000000070bd29b9:   ff 44 8d 4e 01 48 89 d9 44 89 ca e8 fb 2e ff ff
0x0000000070bd29c9:   80 38 b2 75 0b 44 89 ca 48 89 d9 e8 e0 d7 ff ff
0x0000000070bd29d9:   83 ff 02 75 17 89 f2 48 89 d9 e8 dc 2e ff ff c6
0x0000000070bd29e9:   00 48 c7 40 04 01 00 00 00 89 68 08 48 83 c4 28
0x0000000070bd29f9:   5b 5e 5f 5d c3 56 53 48 83 ec 28 48 8d 05 55 5e
0x0000000070bd2a09:   0a 00 48 85 c9 48 89 ce 48 63 da 74 47 48 8b 01
0x0000000070bd2a19:   48 8b 48 18 e8 f7 15 ff ff 48 8b 86 a0 00 00 00
0x0000000070bd2a29:   48 85 c0 74 1b 0f b7 96 c0 00 00 00 39 da 7e 10
0x0000000070bd2a39:   89 da 83 ea 00 78 09 48 6b db 38 48 01 d8 eb 14
0x0000000070bd2a49:   48 8b 0e ba 19 00 00 00 e8 c8 b6 ff ff 48 8d 05
0x0000000070bd2a59:   03 5e 0a 00 48 83 c4 28 5b 5e c3 53 48 83 ec 30
0x0000000070bd2a69:   48 89 cb e8 8d ff ff ff 48 89 c1 e8 35 bf ff ff
0x0000000070bd2a79:   48 89 d9 48 89 44 24 28 e8 38 f9 ff ff 48 8b 44
0x0000000070bd2a89:   24 28 48 83 c4 30 5b c3 53 48 83 ec 30 48 89 cb
0x0000000070bd2a99:   e8 60 ff ff ff 48 89 c1 e8 08 bf ff ff 48 89 d9
0x0000000070bd2aa9:   48 89 44 24 28 e8 0b f9 ff ff 48 8b 44 24 28 48
0x0000000070bd2ab9:   83 c4 30 5b c3 53 48 83 ec 30 48 89 cb e8 33 ff
0x0000000070bd2ac9:   ff ff 8b 50 08 f6 c6 08 74 0a 80 e6 f7 80 ce 10
0x0000000070bd2ad9:   66 89 50 08 48 89 d9 48 89 44 24 28 e8 d4 f8 ff
0x0000000070bd2ae9:   ff 48 8b 44 24 28 48 83 c4 30 5b c3 56 53 48 83
0x0000000070bd2af9:   ec 28 48 89 cb e8 fb fe ff ff 8b 40 08 48 8d 15
0x0000000070bd2b09:   13 74 0a 00 48 89 d9 83 e0 3f 0f b6 34 02 e8 a2 


Stack slot to memory mapping:
stack at sp + 0 slots: 0x0000020c4ef59950 is a thread
stack at sp + 1 slots: 0x000000a74e1fee88 is pointing into the stack for thread: 0x0000020c4ef59950
stack at sp + 2 slots: {method} {0x0000020c4e82cd40} 'column_int' '(JI)I' in 'org/sqlite/core/NativeDB'
stack at sp + 3 slots: 0x0 is NULL
stack at sp + 4 slots: 0x0000020c4ef59950 is a thread
stack at sp + 5 slots: 0x0000020c4e30ed78 points into unknown readable memory: 0x0000000000000000 | 00 00 00 00 00 00 00 00
stack at sp + 6 slots: 0x0000020c4e42d628 is pointing into metadata
stack at sp + 7 slots: 0x0000000070bd2a71 sqlite-3.36.0.3-eb9ddb10-aa0d-440b-a671-91fa7ec0b02d-sqlitejdbc.dll


---------------  P R O C E S S  ---------------

Threads class SMR info:
_java_thread_list=0x0000020c4eecd980, length=15, elements={
0x0000020c4e0e45d0, 0x0000020c4e0e5af0, 0x0000020c4e0f8290, 0x0000020c4e0f8b50,
0x0000020c4e0f9bb0, 0x0000020c4e11a480, 0x0000020c4e11b8c0, 0x0000020c4e11ff10,
0x0000020c4e18eb70, 0x0000020c4e0cd4f0, 0x0000020c4ed38d80, 0x0000020c4ed39250,
0x0000020c4eef6c80, 0x0000020c4ef59950, 0x0000020c2e8bbef0
}

Java Threads: ( => current thread )
  0x0000020c4e0e45d0 JavaThread "Reference Handler" daemon [_thread_blocked, id=11440, stack(0x000000a74d300000,0x000000a74d400000)]
  0x0000020c4e0e5af0 JavaThread "Finalizer" daemon [_thread_blocked, id=10644, stack(0x000000a74d400000,0x000000a74d500000)]
  0x0000020c4e0f8290 JavaThread "Signal Dispatcher" daemon [_thread_blocked, id=2276, stack(0x000000a74d500000,0x000000a74d600000)]
  0x0000020c4e0f8b50 JavaThread "Attach Listener" daemon [_thread_blocked, id=8444, stack(0x000000a74d600000,0x000000a74d700000)]
  0x0000020c4e0f9bb0 JavaThread "Service Thread" daemon [_thread_blocked, id=352, stack(0x000000a74d700000,0x000000a74d800000)]
  0x0000020c4e11a480 JavaThread "Monitor Deflation Thread" daemon [_thread_blocked, id=7808, stack(0x000000a74d800000,0x000000a74d900000)]
  0x0000020c4e11b8c0 JavaThread "C2 CompilerThread0" daemon [_thread_blocked, id=4276, stack(0x000000a74d900000,0x000000a74da00000)]
  0x0000020c4e11ff10 JavaThread "C1 CompilerThread0" daemon [_thread_blocked, id=7428, stack(0x000000a74da00000,0x000000a74db00000)]
  0x0000020c4e18eb70 JavaThread "Sweeper thread" daemon [_thread_blocked, id=2816, stack(0x000000a74db00000,0x000000a74dc00000)]
  0x0000020c4e0cd4f0 JavaThread "Common-Cleaner" daemon [_thread_blocked, id=11216, stack(0x000000a74dc00000,0x000000a74dd00000)]
  0x0000020c4ed38d80 JavaThread "Monitor Ctrl-Break" daemon [_thread_in_native, id=8784, stack(0x000000a74dd00000,0x000000a74de00000)]
  0x0000020c4ed39250 JavaThread "Notification Thread" daemon [_thread_blocked, id=10472, stack(0x000000a74de00000,0x000000a74df00000)]
  0x0000020c4eef6c80 JavaThread "Thread-0" [_thread_blocked, id=6216, stack(0x000000a74e000000,0x000000a74e100000)]
=>0x0000020c4ef59950 JavaThread "Thread-1" [_thread_in_native, id=6696, stack(0x000000a74e100000,0x000000a74e200000)]
  0x0000020c2e8bbef0 JavaThread "DestroyJavaVM" [_thread_blocked, id=3448, stack(0x000000a74cc00000,0x000000a74cd00000)]

Other Threads:
  0x0000020c4e0df320 VMThread "VM Thread" [stack: 0x000000a74d200000,0x000000a74d300000] [id=11644]
  0x0000020c2e8bd0c0 WatcherThread [stack: 0x000000a74df00000,0x000000a74e000000] [id=8464]
  0x0000020c2e8fc1d0 GCTaskThread "GC Thread#0" [stack: 0x000000a74cd00000,0x000000a74ce00000] [id=3996]
  0x0000020c2e90dff0 ConcurrentGCThread "G1 Main Marker" [stack: 0x000000a74ce00000,0x000000a74cf00000] [id=7444]
  0x0000020c2e90f0b0 ConcurrentGCThread "G1 Conc#0" [stack: 0x000000a74cf00000,0x000000a74d000000] [id=10860]
  0x0000020c2e984e20 ConcurrentGCThread "G1 Refine#0" [stack: 0x000000a74d000000,0x000000a74d100000] [id=10188]
  0x0000020c2e985750 ConcurrentGCThread "G1 Service" [stack: 0x000000a74d100000,0x000000a74d200000] [id=11600]

Threads with active compile tasks:

VM state: not at safepoint (normal execution)

VM Mutex/Monitor currently owned by a thread: None

Heap address: 0x0000000080200000, size: 2046 MB, Compressed Oops mode: 32-bit

CDS archive(s) mapped at: [0x0000000800000000-0x0000000800bc0000-0x0000000800bc0000), size 12320768, SharedBaseAddress: 0x0000000800000000, ArchiveRelocationMode: 0.
Compressed class space mapped at: 0x0000000800c00000-0x0000000840c00000, reserved size: 1073741824
Narrow klass base: 0x0000000800000000, Narrow klass shift: 0, Narrow klass range: 0x100000000

GC Precious Log:
 CPUs: 4 total, 4 available
 Memory: 8183M
 Large Page Support: Disabled
 NUMA Support: Disabled
 Compressed Oops: Enabled (32-bit)
 Heap Region Size: 1M
 Heap Min Capacity: 8M
 Heap Initial Capacity: 128M
 Heap Max Capacity: 2046M
 Pre-touch: Disabled
 Parallel Workers: 4
 Concurrent Workers: 1
 Concurrent Refinement Workers: 4
 Periodic GC: Disabled

Heap:
 garbage-first heap   total 131072K, used 6144K [0x0000000080200000, 0x0000000100000000)
  region size 1024K, 7 young (7168K), 0 survivors (0K)
 Metaspace       used 2818K, committed 3008K, reserved 1056768K
  class space    used 271K, committed 384K, reserved 1048576K

Heap Regions: E=young(eden), S=young(survivor), O=old, HS=humongous(starts), HC=humongous(continues), CS=collection set, F=free, OA=open archive, CA=closed archive, TAMS=top-at-mark-start (previous, next)
|   0|0x0000000080200000, 0x0000000080200000, 0x0000000080300000|  0%| F|  |TAMS 0x0000000080200000, 0x0000000080200000| Untracked 
|   1|0x0000000080300000, 0x0000000080300000, 0x0000000080400000|  0%| F|  |TAMS 0x0000000080300000, 0x0000000080300000| Untracked 
|   2|0x0000000080400000, 0x0000000080400000, 0x0000000080500000|  0%| F|  |TAMS 0x0000000080400000, 0x0000000080400000| Untracked 
|   3|0x0000000080500000, 0x0000000080500000, 0x0000000080600000|  0%| F|  |TAMS 0x0000000080500000, 0x0000000080500000| Untracked 
|   4|0x0000000080600000, 0x0000000080600000, 0x0000000080700000|  0%| F|  |TAMS 0x0000000080600000, 0x0000000080600000| Untracked 
|   5|0x0000000080700000, 0x0000000080700000, 0x0000000080800000|  0%| F|  |TAMS 0x0000000080700000, 0x0000000080700000| Untracked 
|   6|0x0000000080800000, 0x0000000080800000, 0x0000000080900000|  0%| F|  |TAMS 0x0000000080800000, 0x0000000080800000| Untracked 
|   7|0x0000000080900000, 0x0000000080900000, 0x0000000080a00000|  0%| F|  |TAMS 0x0000000080900000, 0x0000000080900000| Untracked 
|   8|0x0000000080a00000, 0x0000000080a00000, 0x0000000080b00000|  0%| F|  |TAMS 0x0000000080a00000, 0x0000000080a00000| Untracked 
|   9|0x0000000080b00000, 0x0000000080b00000, 0x0000000080c00000|  0%| F|  |TAMS 0x0000000080b00000, 0x0000000080b00000| Untracked 
|  10|0x0000000080c00000, 0x0000000080c00000, 0x0000000080d00000|  0%| F|  |TAMS 0x0000000080c00000, 0x0000000080c00000| Untracked 
|  11|0x0000000080d00000, 0x0000000080d00000, 0x0000000080e00000|  0%| F|  |TAMS 0x0000000080d00000, 0x0000000080d00000| Untracked 
|  12|0x0000000080e00000, 0x0000000080e00000, 0x0000000080f00000|  0%| F|  |TAMS 0x0000000080e00000, 0x0000000080e00000| Untracked 
|  13|0x0000000080f00000, 0x0000000080f00000, 0x0000000081000000|  0%| F|  |TAMS 0x0000000080f00000, 0x0000000080f00000| Untracked 
|  14|0x0000000081000000, 0x0000000081000000, 0x0000000081100000|  0%| F|  |TAMS 0x0000000081000000, 0x0000000081000000| Untracked 
|  15|0x0000000081100000, 0x0000000081100000, 0x0000000081200000|  0%| F|  |TAMS 0x0000000081100000, 0x0000000081100000| Untracked 
|  16|0x0000000081200000, 0x0000000081200000, 0x0000000081300000|  0%| F|  |TAMS 0x0000000081200000, 0x0000000081200000| Untracked 
|  17|0x0000000081300000, 0x0000000081300000, 0x0000000081400000|  0%| F|  |TAMS 0x0000000081300000, 0x0000000081300000| Untracked 
|  18|0x0000000081400000, 0x0000000081400000, 0x0000000081500000|  0%| F|  |TAMS 0x0000000081400000, 0x0000000081400000| Untracked 
|  19|0x0000000081500000, 0x0000000081500000, 0x0000000081600000|  0%| F|  |TAMS 0x0000000081500000, 0x0000000081500000| Untracked 
|  20|0x0000000081600000, 0x0000000081600000, 0x0000000081700000|  0%| F|  |TAMS 0x0000000081600000, 0x0000000081600000| Untracked 
|  21|0x0000000081700000, 0x0000000081700000, 0x0000000081800000|  0%| F|  |TAMS 0x0000000081700000, 0x0000000081700000| Untracked 
|  22|0x0000000081800000, 0x0000000081800000, 0x0000000081900000|  0%| F|  |TAMS 0x0000000081800000, 0x0000000081800000| Untracked 
|  23|0x0000000081900000, 0x0000000081900000, 0x0000000081a00000|  0%| F|  |TAMS 0x0000000081900000, 0x0000000081900000| Untracked 
|  24|0x0000000081a00000, 0x0000000081a00000, 0x0000000081b00000|  0%| F|  |TAMS 0x0000000081a00000, 0x0000000081a00000| Untracked 
|  25|0x0000000081b00000, 0x0000000081b00000, 0x0000000081c00000|  0%| F|  |TAMS 0x0000000081b00000, 0x0000000081b00000| Untracked 
|  26|0x0000000081c00000, 0x0000000081c00000, 0x0000000081d00000|  0%| F|  |TAMS 0x0000000081c00000, 0x0000000081c00000| Untracked 
|  27|0x0000000081d00000, 0x0000000081d00000, 0x0000000081e00000|  0%| F|  |TAMS 0x0000000081d00000, 0x0000000081d00000| Untracked 
|  28|0x0000000081e00000, 0x0000000081e00000, 0x0000000081f00000|  0%| F|  |TAMS 0x0000000081e00000, 0x0000000081e00000| Untracked 
|  29|0x0000000081f00000, 0x0000000081f00000, 0x0000000082000000|  0%| F|  |TAMS 0x0000000081f00000, 0x0000000081f00000| Untracked 
|  30|0x0000000082000000, 0x0000000082000000, 0x0000000082100000|  0%| F|  |TAMS 0x0000000082000000, 0x0000000082000000| Untracked 
|  31|0x0000000082100000, 0x0000000082100000, 0x0000000082200000|  0%| F|  |TAMS 0x0000000082100000, 0x0000000082100000| Untracked 
|  32|0x0000000082200000, 0x0000000082200000, 0x0000000082300000|  0%| F|  |TAMS 0x0000000082200000, 0x0000000082200000| Untracked 
|  33|0x0000000082300000, 0x0000000082300000, 0x0000000082400000|  0%| F|  |TAMS 0x0000000082300000, 0x0000000082300000| Untracked 
|  34|0x0000000082400000, 0x0000000082400000, 0x0000000082500000|  0%| F|  |TAMS 0x0000000082400000, 0x0000000082400000| Untracked 
|  35|0x0000000082500000, 0x0000000082500000, 0x0000000082600000|  0%| F|  |TAMS 0x0000000082500000, 0x0000000082500000| Untracked 
|  36|0x0000000082600000, 0x0000000082600000, 0x0000000082700000|  0%| F|  |TAMS 0x0000000082600000, 0x0000000082600000| Untracked 
|  37|0x0000000082700000, 0x0000000082700000, 0x0000000082800000|  0%| F|  |TAMS 0x0000000082700000, 0x0000000082700000| Untracked 
|  38|0x0000000082800000, 0x0000000082800000, 0x0000000082900000|  0%| F|  |TAMS 0x0000000082800000, 0x0000000082800000| Untracked 
|  39|0x0000000082900000, 0x0000000082900000, 0x0000000082a00000|  0%| F|  |TAMS 0x0000000082900000, 0x0000000082900000| Untracked 
|  40|0x0000000082a00000, 0x0000000082a00000, 0x0000000082b00000|  0%| F|  |TAMS 0x0000000082a00000, 0x0000000082a00000| Untracked 
|  41|0x0000000082b00000, 0x0000000082b00000, 0x0000000082c00000|  0%| F|  |TAMS 0x0000000082b00000, 0x0000000082b00000| Untracked 
|  42|0x0000000082c00000, 0x0000000082c00000, 0x0000000082d00000|  0%| F|  |TAMS 0x0000000082c00000, 0x0000000082c00000| Untracked 
|  43|0x0000000082d00000, 0x0000000082d00000, 0x0000000082e00000|  0%| F|  |TAMS 0x0000000082d00000, 0x0000000082d00000| Untracked 
|  44|0x0000000082e00000, 0x0000000082e00000, 0x0000000082f00000|  0%| F|  |TAMS 0x0000000082e00000, 0x0000000082e00000| Untracked 
|  45|0x0000000082f00000, 0x0000000082f00000, 0x0000000083000000|  0%| F|  |TAMS 0x0000000082f00000, 0x0000000082f00000| Untracked 
|  46|0x0000000083000000, 0x0000000083000000, 0x0000000083100000|  0%| F|  |TAMS 0x0000000083000000, 0x0000000083000000| Untracked 
|  47|0x0000000083100000, 0x0000000083100000, 0x0000000083200000|  0%| F|  |TAMS 0x0000000083100000, 0x0000000083100000| Untracked 
|  48|0x0000000083200000, 0x0000000083200000, 0x0000000083300000|  0%| F|  |TAMS 0x0000000083200000, 0x0000000083200000| Untracked 
|  49|0x0000000083300000, 0x0000000083300000, 0x0000000083400000|  0%| F|  |TAMS 0x0000000083300000, 0x0000000083300000| Untracked 
|  50|0x0000000083400000, 0x0000000083400000, 0x0000000083500000|  0%| F|  |TAMS 0x0000000083400000, 0x0000000083400000| Untracked 
|  51|0x0000000083500000, 0x0000000083500000, 0x0000000083600000|  0%| F|  |TAMS 0x0000000083500000, 0x0000000083500000| Untracked 
|  52|0x0000000083600000, 0x0000000083600000, 0x0000000083700000|  0%| F|  |TAMS 0x0000000083600000, 0x0000000083600000| Untracked 
|  53|0x0000000083700000, 0x0000000083700000, 0x0000000083800000|  0%| F|  |TAMS 0x0000000083700000, 0x0000000083700000| Untracked 
|  54|0x0000000083800000, 0x0000000083800000, 0x0000000083900000|  0%| F|  |TAMS 0x0000000083800000, 0x0000000083800000| Untracked 
|  55|0x0000000083900000, 0x0000000083900000, 0x0000000083a00000|  0%| F|  |TAMS 0x0000000083900000, 0x0000000083900000| Untracked 
|  56|0x0000000083a00000, 0x0000000083a00000, 0x0000000083b00000|  0%| F|  |TAMS 0x0000000083a00000, 0x0000000083a00000| Untracked 
|  57|0x0000000083b00000, 0x0000000083b00000, 0x0000000083c00000|  0%| F|  |TAMS 0x0000000083b00000, 0x0000000083b00000| Untracked 
|  58|0x0000000083c00000, 0x0000000083c00000, 0x0000000083d00000|  0%| F|  |TAMS 0x0000000083c00000, 0x0000000083c00000| Untracked 
|  59|0x0000000083d00000, 0x0000000083d00000, 0x0000000083e00000|  0%| F|  |TAMS 0x0000000083d00000, 0x0000000083d00000| Untracked 
|  60|0x0000000083e00000, 0x0000000083e00000, 0x0000000083f00000|  0%| F|  |TAMS 0x0000000083e00000, 0x0000000083e00000| Untracked 
|  61|0x0000000083f00000, 0x0000000083f00000, 0x0000000084000000|  0%| F|  |TAMS 0x0000000083f00000, 0x0000000083f00000| Untracked 
|  62|0x0000000084000000, 0x0000000084000000, 0x0000000084100000|  0%| F|  |TAMS 0x0000000084000000, 0x0000000084000000| Untracked 
|  63|0x0000000084100000, 0x0000000084100000, 0x0000000084200000|  0%| F|  |TAMS 0x0000000084100000, 0x0000000084100000| Untracked 
|  64|0x0000000084200000, 0x0000000084200000, 0x0000000084300000|  0%| F|  |TAMS 0x0000000084200000, 0x0000000084200000| Untracked 
|  65|0x0000000084300000, 0x0000000084300000, 0x0000000084400000|  0%| F|  |TAMS 0x0000000084300000, 0x0000000084300000| Untracked 
|  66|0x0000000084400000, 0x0000000084400000, 0x0000000084500000|  0%| F|  |TAMS 0x0000000084400000, 0x0000000084400000| Untracked 
|  67|0x0000000084500000, 0x0000000084500000, 0x0000000084600000|  0%| F|  |TAMS 0x0000000084500000, 0x0000000084500000| Untracked 
|  68|0x0000000084600000, 0x0000000084600000, 0x0000000084700000|  0%| F|  |TAMS 0x0000000084600000, 0x0000000084600000| Untracked 
|  69|0x0000000084700000, 0x0000000084700000, 0x0000000084800000|  0%| F|  |TAMS 0x0000000084700000, 0x0000000084700000| Untracked 
|  70|0x0000000084800000, 0x0000000084800000, 0x0000000084900000|  0%| F|  |TAMS 0x0000000084800000, 0x0000000084800000| Untracked 
|  71|0x0000000084900000, 0x0000000084900000, 0x0000000084a00000|  0%| F|  |TAMS 0x0000000084900000, 0x0000000084900000| Untracked 
|  72|0x0000000084a00000, 0x0000000084a00000, 0x0000000084b00000|  0%| F|  |TAMS 0x0000000084a00000, 0x0000000084a00000| Untracked 
|  73|0x0000000084b00000, 0x0000000084b00000, 0x0000000084c00000|  0%| F|  |TAMS 0x0000000084b00000, 0x0000000084b00000| Untracked 
|  74|0x0000000084c00000, 0x0000000084c00000, 0x0000000084d00000|  0%| F|  |TAMS 0x0000000084c00000, 0x0000000084c00000| Untracked 
|  75|0x0000000084d00000, 0x0000000084d00000, 0x0000000084e00000|  0%| F|  |TAMS 0x0000000084d00000, 0x0000000084d00000| Untracked 
|  76|0x0000000084e00000, 0x0000000084e00000, 0x0000000084f00000|  0%| F|  |TAMS 0x0000000084e00000, 0x0000000084e00000| Untracked 
|  77|0x0000000084f00000, 0x0000000084f00000, 0x0000000085000000|  0%| F|  |TAMS 0x0000000084f00000, 0x0000000084f00000| Untracked 
|  78|0x0000000085000000, 0x0000000085000000, 0x0000000085100000|  0%| F|  |TAMS 0x0000000085000000, 0x0000000085000000| Untracked 
|  79|0x0000000085100000, 0x0000000085100000, 0x0000000085200000|  0%| F|  |TAMS 0x0000000085100000, 0x0000000085100000| Untracked 
|  80|0x0000000085200000, 0x0000000085200000, 0x0000000085300000|  0%| F|  |TAMS 0x0000000085200000, 0x0000000085200000| Untracked 
|  81|0x0000000085300000, 0x0000000085300000, 0x0000000085400000|  0%| F|  |TAMS 0x0000000085300000, 0x0000000085300000| Untracked 
|  82|0x0000000085400000, 0x0000000085400000, 0x0000000085500000|  0%| F|  |TAMS 0x0000000085400000, 0x0000000085400000| Untracked 
|  83|0x0000000085500000, 0x0000000085500000, 0x0000000085600000|  0%| F|  |TAMS 0x0000000085500000, 0x0000000085500000| Untracked 
|  84|0x0000000085600000, 0x0000000085600000, 0x0000000085700000|  0%| F|  |TAMS 0x0000000085600000, 0x0000000085600000| Untracked 
|  85|0x0000000085700000, 0x0000000085700000, 0x0000000085800000|  0%| F|  |TAMS 0x0000000085700000, 0x0000000085700000| Untracked 
|  86|0x0000000085800000, 0x0000000085800000, 0x0000000085900000|  0%| F|  |TAMS 0x0000000085800000, 0x0000000085800000| Untracked 
|  87|0x0000000085900000, 0x0000000085900000, 0x0000000085a00000|  0%| F|  |TAMS 0x0000000085900000, 0x0000000085900000| Untracked 
|  88|0x0000000085a00000, 0x0000000085a00000, 0x0000000085b00000|  0%| F|  |TAMS 0x0000000085a00000, 0x0000000085a00000| Untracked 
|  89|0x0000000085b00000, 0x0000000085b00000, 0x0000000085c00000|  0%| F|  |TAMS 0x0000000085b00000, 0x0000000085b00000| Untracked 
|  90|0x0000000085c00000, 0x0000000085c00000, 0x0000000085d00000|  0%| F|  |TAMS 0x0000000085c00000, 0x0000000085c00000| Untracked 
|  91|0x0000000085d00000, 0x0000000085d00000, 0x0000000085e00000|  0%| F|  |TAMS 0x0000000085d00000, 0x0000000085d00000| Untracked 
|  92|0x0000000085e00000, 0x0000000085e00000, 0x0000000085f00000|  0%| F|  |TAMS 0x0000000085e00000, 0x0000000085e00000| Untracked 
|  93|0x0000000085f00000, 0x0000000085f00000, 0x0000000086000000|  0%| F|  |TAMS 0x0000000085f00000, 0x0000000085f00000| Untracked 
|  94|0x0000000086000000, 0x0000000086000000, 0x0000000086100000|  0%| F|  |TAMS 0x0000000086000000, 0x0000000086000000| Untracked 
|  95|0x0000000086100000, 0x0000000086100000, 0x0000000086200000|  0%| F|  |TAMS 0x0000000086100000, 0x0000000086100000| Untracked 
|  96|0x0000000086200000, 0x0000000086200000, 0x0000000086300000|  0%| F|  |TAMS 0x0000000086200000, 0x0000000086200000| Untracked 
|  97|0x0000000086300000, 0x0000000086300000, 0x0000000086400000|  0%| F|  |TAMS 0x0000000086300000, 0x0000000086300000| Untracked 
|  98|0x0000000086400000, 0x0000000086400000, 0x0000000086500000|  0%| F|  |TAMS 0x0000000086400000, 0x0000000086400000| Untracked 
|  99|0x0000000086500000, 0x0000000086500000, 0x0000000086600000|  0%| F|  |TAMS 0x0000000086500000, 0x0000000086500000| Untracked 
| 100|0x0000000086600000, 0x0000000086600000, 0x0000000086700000|  0%| F|  |TAMS 0x0000000086600000, 0x0000000086600000| Untracked 
| 101|0x0000000086700000, 0x0000000086700000, 0x0000000086800000|  0%| F|  |TAMS 0x0000000086700000, 0x0000000086700000| Untracked 
| 102|0x0000000086800000, 0x0000000086800000, 0x0000000086900000|  0%| F|  |TAMS 0x0000000086800000, 0x0000000086800000| Untracked 
| 103|0x0000000086900000, 0x0000000086900000, 0x0000000086a00000|  0%| F|  |TAMS 0x0000000086900000, 0x0000000086900000| Untracked 
| 104|0x0000000086a00000, 0x0000000086a00000, 0x0000000086b00000|  0%| F|  |TAMS 0x0000000086a00000, 0x0000000086a00000| Untracked 
| 105|0x0000000086b00000, 0x0000000086b00000, 0x0000000086c00000|  0%| F|  |TAMS 0x0000000086b00000, 0x0000000086b00000| Untracked 
| 106|0x0000000086c00000, 0x0000000086c00000, 0x0000000086d00000|  0%| F|  |TAMS 0x0000000086c00000, 0x0000000086c00000| Untracked 
| 107|0x0000000086d00000, 0x0000000086d00000, 0x0000000086e00000|  0%| F|  |TAMS 0x0000000086d00000, 0x0000000086d00000| Untracked 
| 108|0x0000000086e00000, 0x0000000086e00000, 0x0000000086f00000|  0%| F|  |TAMS 0x0000000086e00000, 0x0000000086e00000| Untracked 
| 109|0x0000000086f00000, 0x0000000086f00000, 0x0000000087000000|  0%| F|  |TAMS 0x0000000086f00000, 0x0000000086f00000| Untracked 
| 110|0x0000000087000000, 0x0000000087000000, 0x0000000087100000|  0%| F|  |TAMS 0x0000000087000000, 0x0000000087000000| Untracked 
| 111|0x0000000087100000, 0x0000000087100000, 0x0000000087200000|  0%| F|  |TAMS 0x0000000087100000, 0x0000000087100000| Untracked 
| 112|0x0000000087200000, 0x0000000087200000, 0x0000000087300000|  0%| F|  |TAMS 0x0000000087200000, 0x0000000087200000| Untracked 
| 113|0x0000000087300000, 0x0000000087300000, 0x0000000087400000|  0%| F|  |TAMS 0x0000000087300000, 0x0000000087300000| Untracked 
| 114|0x0000000087400000, 0x0000000087400000, 0x0000000087500000|  0%| F|  |TAMS 0x0000000087400000, 0x0000000087400000| Untracked 
| 115|0x0000000087500000, 0x0000000087500000, 0x0000000087600000|  0%| F|  |TAMS 0x0000000087500000, 0x0000000087500000| Untracked 
| 116|0x0000000087600000, 0x0000000087600000, 0x0000000087700000|  0%| F|  |TAMS 0x0000000087600000, 0x0000000087600000| Untracked 
| 117|0x0000000087700000, 0x0000000087700000, 0x0000000087800000|  0%| F|  |TAMS 0x0000000087700000, 0x0000000087700000| Untracked 
| 118|0x0000000087800000, 0x0000000087800000, 0x0000000087900000|  0%| F|  |TAMS 0x0000000087800000, 0x0000000087800000| Untracked 
| 119|0x0000000087900000, 0x0000000087900000, 0x0000000087a00000|  0%| F|  |TAMS 0x0000000087900000, 0x0000000087900000| Untracked 
| 120|0x0000000087a00000, 0x0000000087a00000, 0x0000000087b00000|  0%| F|  |TAMS 0x0000000087a00000, 0x0000000087a00000| Untracked 
| 121|0x0000000087b00000, 0x0000000087c00000, 0x0000000087c00000|100%| E|  |TAMS 0x0000000087b00000, 0x0000000087b00000| Complete 
| 122|0x0000000087c00000, 0x0000000087d00000, 0x0000000087d00000|100%| E|CS|TAMS 0x0000000087c00000, 0x0000000087c00000| Complete 
| 123|0x0000000087d00000, 0x0000000087e00000, 0x0000000087e00000|100%| E|CS|TAMS 0x0000000087d00000, 0x0000000087d00000| Complete 
| 124|0x0000000087e00000, 0x0000000087f00000, 0x0000000087f00000|100%| E|CS|TAMS 0x0000000087e00000, 0x0000000087e00000| Complete 
| 125|0x0000000087f00000, 0x0000000088000000, 0x0000000088000000|100%| E|CS|TAMS 0x0000000087f00000, 0x0000000087f00000| Complete 
| 126|0x0000000088000000, 0x0000000088100000, 0x0000000088100000|100%| E|CS|TAMS 0x0000000088000000, 0x0000000088000000| Complete 
| 127|0x0000000088100000, 0x0000000088200000, 0x0000000088200000|100%| E|CS|TAMS 0x0000000088100000, 0x0000000088100000| Complete 

Card table byte_map: [0x0000020c47320000,0x0000020c47720000] _byte_map_base: 0x0000020c46f1f000

Marking Bits (Prev, Next): (CMBitMap*) 0x0000020c2e8fd700, (CMBitMap*) 0x0000020c2e8fd740
 Prev Bits: [0x0000020c47b20000, 0x0000020c49b18000)
 Next Bits: [0x0000020c49b20000, 0x0000020c4bb18000)

Polling page: 0x0000020c378d0000

Metaspace:

Usage:
  Non-class:      2.49 MB used.
      Class:    271.02 KB used.
       Both:      2.75 MB used.

Virtual space:
  Non-class space:        8.00 MB reserved,       2.56 MB ( 32%) committed,  1 nodes.
      Class space:        1.00 GB reserved,     384.00 KB ( <1%) committed,  1 nodes.
             Both:        1.01 GB reserved,       2.94 MB ( <1%) committed. 

Chunk freelists:
   Non-Class:  3.19 MB
       Class:  3.61 MB
        Both:  6.80 MB

MaxMetaspaceSize: unlimited
CompressedClassSpaceSize: 1.00 GB
Initial GC threshold: 21.00 MB
Current GC threshold: 21.00 MB
CDS: on
MetaspaceReclaimPolicy: balanced
 - commit_granule_bytes: 65536.
 - commit_granule_words: 8192.
 - virtual_space_node_default_size: 1048576.
 - enlarge_chunks_in_place: 1.
 - new_chunks_are_fully_committed: 0.
 - uncommit_free_chunks: 1.
 - use_allocation_guard: 0.
 - handle_deallocations: 1.


Internal statistics:

num_allocs_failed_limit: 0.
num_arena_births: 88.
num_arena_deaths: 0.
num_vsnodes_births: 2.
num_vsnodes_deaths: 0.
num_space_committed: 47.
num_space_uncommitted: 0.
num_chunks_returned_to_freelist: 0.
num_chunks_taken_from_freelist: 153.
num_chunk_merges: 0.
num_chunk_splits: 94.
num_chunks_enlarged: 49.
num_purges: 0.
num_inconsistent_stats: 0.

CodeHeap 'non-profiled nmethods': size=120000Kb used=211Kb max_used=211Kb free=119788Kb
 bounds [0x0000020c3f3c0000, 0x0000020c3f630000, 0x0000020c468f0000]
CodeHeap 'profiled nmethods': size=120000Kb used=1168Kb max_used=1168Kb free=118831Kb
 bounds [0x0000020c37e90000, 0x0000020c38100000, 0x0000020c3f3c0000]
CodeHeap 'non-nmethods': size=5760Kb used=1140Kb max_used=1154Kb free=4620Kb
 bounds [0x0000020c378f0000, 0x0000020c37b60000, 0x0000020c37e90000]
 total_blobs=1141 nmethods=712 adapters=343
 compilation: enabled
              stopped_count=0, restarted_count=0
 full_count=0

Compilation events (20 events):
Event: 0.700 Thread 0x0000020c4e11ff10  697       3       java.lang.invoke.MemberName::getInvocationType (56 bytes)
Event: 0.700 Thread 0x0000020c4e11ff10 nmethod 697 0x0000020c37faea90 code [0x0000020c37faecc0, 0x0000020c37faf5e8]
Event: 0.700 Thread 0x0000020c4e11ff10  703       3       sun.invoke.util.VerifyType::isNullConversion (157 bytes)
Event: 0.702 Thread 0x0000020c4e11ff10 nmethod 703 0x0000020c37faf890 code [0x0000020c37fafbc0, 0x0000020c37fb11a8]
Event: 0.702 Thread 0x0000020c4e11ff10  699       3       java.lang.invoke.MemberName::init (67 bytes)
Event: 0.703 Thread 0x0000020c4e11ff10 nmethod 699 0x0000020c37fb1690 code [0x0000020c37fb1840, 0x0000020c37fb1a78]
Event: 0.703 Thread 0x0000020c4e11ff10  706       3       java.util.Objects::checkIndex (7 bytes)
Event: 0.703 Thread 0x0000020c4e11ff10 nmethod 706 0x0000020c37fb1b10 code [0x0000020c37fb1cc0, 0x0000020c37fb1ec8]
Event: 0.703 Thread 0x0000020c4e11ff10  707       3       java.nio.Buffer::position (52 bytes)
Event: 0.703 Thread 0x0000020c4e11ff10 nmethod 707 0x0000020c37fb2010 code [0x0000020c37fb21c0, 0x0000020c37fb2448]
Event: 0.703 Thread 0x0000020c4e11ff10  708       3       java.lang.invoke.LambdaFormBuffer::ownedCount (7 bytes)
Event: 0.703 Thread 0x0000020c4e11ff10 nmethod 708 0x0000020c37fb2510 code [0x0000020c37fb26a0, 0x0000020c37fb27b8]
Event: 0.704 Thread 0x0000020c4e11ff10  709       3       java.lang.invoke.LambdaForm$Name::replaceNames (175 bytes)
Event: 0.704 Thread 0x0000020c4e11ff10 nmethod 709 0x0000020c37fb2890 code [0x0000020c37fb2ac0, 0x0000020c37fb36d8]
Event: 0.705 Thread 0x0000020c4e11ff10  710       3       java.nio.ByteBuffer::position (8 bytes)
Event: 0.705 Thread 0x0000020c4e11ff10 nmethod 710 0x0000020c37fb3a10 code [0x0000020c37fb3ba0, 0x0000020c37fb3ce8]
Event: 0.705 Thread 0x0000020c4e11ff10  711       3       java.lang.invoke.DirectMethodHandle::internalMemberName (8 bytes)
Event: 0.706 Thread 0x0000020c4e11ff10 nmethod 711 0x0000020c37fb3d90 code [0x0000020c37fb3f20, 0x0000020c37fb4118]
Event: 0.706 Thread 0x0000020c4e11ff10  712       1       java.util.concurrent.atomic.AtomicLong::get (5 bytes)
Event: 0.706 Thread 0x0000020c4e11ff10 nmethod 712 0x0000020c3f3f4a90 code [0x0000020c3f3f4c20, 0x0000020c3f3f4cf8]

GC Heap History (0 events):
No events

Deoptimization events (14 events):
Event: 0.454 Thread 0x0000020c2e8bbef0 Uncommon trap: trap_request=0xffffff45 fr.pc=0x0000020c3f3e5594 relative=0x0000000000000894
Event: 0.454 Thread 0x0000020c2e8bbef0 Uncommon trap: reason=unstable_if action=reinterpret pc=0x0000020c3f3e5594 method=java.util.HashMap.putVal(ILjava/lang/Object;Ljava/lang/Object;ZZ)Ljava/lang/Object; @ 181 c2
Event: 0.454 Thread 0x0000020c2e8bbef0 DEOPT PACKING pc=0x0000020c3f3e5594 sp=0x000000a74ccfdc00
Event: 0.455 Thread 0x0000020c2e8bbef0 DEOPT UNPACKING pc=0x0000020c3794239d sp=0x000000a74ccfdb48 mode 2
Event: 0.455 Thread 0x0000020c2e8bbef0 Uncommon trap: trap_request=0xffffff45 fr.pc=0x0000020c3f3cb7e8 relative=0x0000000000000688
Event: 0.455 Thread 0x0000020c2e8bbef0 Uncommon trap: reason=unstable_if action=reinterpret pc=0x0000020c3f3cb7e8 method=java.util.HashMap.putVal(ILjava/lang/Object;Ljava/lang/Object;ZZ)Ljava/lang/Object; @ 181 c2
Event: 0.455 Thread 0x0000020c2e8bbef0 DEOPT PACKING pc=0x0000020c3f3cb7e8 sp=0x000000a74ccfdb70
Event: 0.455 Thread 0x0000020c2e8bbef0 DEOPT UNPACKING pc=0x0000020c3794239d sp=0x000000a74ccfdb40 mode 2
Event: 0.585 Thread 0x0000020c2e8bbef0 DEOPT PACKING pc=0x0000020c37f8528c sp=0x000000a74ccfec90
Event: 0.585 Thread 0x0000020c2e8bbef0 DEOPT UNPACKING pc=0x0000020c37942b24 sp=0x000000a74ccfe198 mode 0
Event: 0.614 Thread 0x0000020c2e8bbef0 Uncommon trap: trap_request=0xffffff45 fr.pc=0x0000020c3f3ed638 relative=0x00000000000005f8
Event: 0.614 Thread 0x0000020c2e8bbef0 Uncommon trap: reason=unstable_if action=reinterpret pc=0x0000020c3f3ed638 method=org.sqlite.SQLiteJDBCLoader.contentsEquals(Ljava/io/InputStream;Ljava/io/InputStream;)Z @ 39 c2
Event: 0.614 Thread 0x0000020c2e8bbef0 DEOPT PACKING pc=0x0000020c3f3ed638 sp=0x000000a74ccfecd0
Event: 0.614 Thread 0x0000020c2e8bbef0 DEOPT UNPACKING pc=0x0000020c3794239d sp=0x000000a74ccfec98 mode 2

Classes unloaded (0 events):
No events

Classes redefined (0 events):
No events

Internal exceptions (6 events):
Event: 0.205 Thread 0x0000020c2e8bbef0 Exception <a 'java/lang/NoSuchMethodError'{0x00000000880bdce8}: 'void java.lang.invoke.DirectMethodHandle$Holder.invokeStaticInit(java.lang.Object)'> (0x00000000880bdce8) 
thrown [t:\workspace\open\src\hotspot\share\interpreter\linkResolver.cpp, line 766]
Event: 0.207 Thread 0x0000020c4ed38d80 Exception <a 'java/lang/NoSuchMethodError'{0x00000000880cc7a8}: 'java.lang.Object java.lang.invoke.DirectMethodHandle$Holder.invokeStaticInit(java.lang.Object)'> (0x00000000880cc7a8) 
thrown [t:\workspace\open\src\hotspot\share\interpreter\linkResolver.cpp, line 766]
Event: 0.217 Thread 0x0000020c4ed38d80 Exception <a 'java/lang/NoSuchMethodError'{0x00000000880d9d10}: 'void java.lang.invoke.DirectMethodHandle$Holder.invokeStatic(java.lang.Object, java.lang.Object)'> (0x00000000880d9d10) 
thrown [t:\workspace\open\src\hotspot\share\interpreter\linkResolver.cpp, line 766]
Event: 0.463 Thread 0x0000020c2e8bbef0 Exception <a 'java/lang/NoSuchMethodError'{0x0000000087de4e88}: 'java.lang.Object java.lang.invoke.DirectMethodHandle$Holder.invokeStaticInit(java.lang.Object, int, int, int, int)'> (0x0000000087de4e88) 
thrown [t:\workspace\open\src\hotspot\share\interpreter\linkResolver.cpp, line 766]
Event: 0.540 Thread 0x0000020c2e8bbef0 Exception <a 'java/lang/NoSuchMethodError'{0x0000000087c75870}: 'java.lang.Object java.lang.invoke.DirectMethodHandle$Holder.invokeStaticInit(java.lang.Object, java.lang.Object, int, int, int, int)'> (0x0000000087c75870) 
thrown [t:\workspace\open\src\hotspot\share\interpreter\linkResolver.cpp, line 766]
Event: 0.700 Thread 0x0000020c4ef59950 Exception <a 'java/lang/NoSuchMethodError'{0x0000000087b3a528}: 'java.lang.Object java.lang.invoke.DirectMethodHandle$Holder.invokeSpecial(java.lang.Object, java.lang.Object, java.lang.Object, int, java.lang.Object)'> (0x0000000087b3a528) 
thrown [t:\workspace\open\src\hotspot\share\interpreter\linkResolver.cpp, line 766]

VM Operations (6 events):
Event: 0.129 Executing VM operation: HandshakeAllThreads
Event: 0.129 Executing VM operation: HandshakeAllThreads done
Event: 0.205 Executing VM operation: HandshakeAllThreads
Event: 0.205 Executing VM operation: HandshakeAllThreads done
Event: 0.257 Executing VM operation: HandshakeAllThreads
Event: 0.257 Executing VM operation: HandshakeAllThreads done

Events (20 events):
Event: 0.645 loading class java/io/UnsupportedEncodingException
Event: 0.645 loading class java/io/UnsupportedEncodingException done
Event: 0.647 loading class java/util/regex/Pattern$BnM
Event: 0.647 loading class java/util/regex/Pattern$BnM done
Event: 0.647 loading class java/util/regex/Pattern$SliceS
Event: 0.647 loading class java/util/regex/Pattern$SliceS done
Event: 0.650 loading class java/util/regex/Pattern$SliceI
Event: 0.650 loading class java/util/regex/Pattern$SliceI done
Event: 0.658 Thread 0x0000020c4eef6c80 Thread added: 0x0000020c4eef6c80
Event: 0.658 Thread 0x0000020c4ef59950 Thread added: 0x0000020c4ef59950
Event: 0.659 Thread 0x0000020c2e8bbef0 Thread exited: 0x0000020c2e8bbef0
Event: 0.659 Thread 0x0000020c2e8bbef0 Thread added: 0x0000020c2e8bbef0
Event: 0.681 loading class java/util/concurrent/atomic/AtomicReferenceFieldUpdater
Event: 0.681 loading class java/util/concurrent/atomic/AtomicReferenceFieldUpdater done
Event: 0.681 loading class java/util/concurrent/atomic/AtomicReferenceFieldUpdater$AtomicReferenceFieldUpdaterImpl
Event: 0.682 loading class java/util/concurrent/atomic/AtomicReferenceFieldUpdater$AtomicReferenceFieldUpdaterImpl done
Event: 0.682 loading class java/util/concurrent/atomic/AtomicReferenceFieldUpdater$AtomicReferenceFieldUpdaterImpl$1
Event: 0.682 loading class java/util/concurrent/atomic/AtomicReferenceFieldUpdater$AtomicReferenceFieldUpdaterImpl$1 done
Event: 0.682 loading class sun/reflect/misc/ReflectUtil
Event: 0.682 loading class sun/reflect/misc/ReflectUtil done


Dynamic libraries:
0x00007ff6a4710000 - 0x00007ff6a4720000 	C:\Program Files\Java\jdk-17.0.2\bin\java.exe
0x00007ffffad10000 - 0x00007ffffaf08000 	C:\WINDOWS\SYSTEM32\ntdll.dll
0x00007ffff98e0000 - 0x00007ffff999d000 	C:\WINDOWS\System32\KERNEL32.DLL
0x00007ffff80f0000 - 0x00007ffff83be000 	C:\WINDOWS\System32\KERNELBASE.dll
0x00007ffff7ff0000 - 0x00007ffff80f0000 	C:\WINDOWS\System32\ucrtbase.dll
0x00007ffff3960000 - 0x00007ffff3978000 	C:\Program Files\Java\jdk-17.0.2\bin\jli.dll
0x00007ffffa980000 - 0x00007ffffaa2e000 	C:\WINDOWS\System32\ADVAPI32.dll
0x00007ffffa830000 - 0x00007ffffa8ce000 	C:\WINDOWS\System32\msvcrt.dll
0x00007ffffa080000 - 0x00007ffffa11c000 	C:\WINDOWS\System32\sechost.dll
0x00007ffff3980000 - 0x00007ffff399a000 	C:\Program Files\Java\jdk-17.0.2\bin\VCRUNTIME140.dll
0x00007ffffa550000 - 0x00007ffffa675000 	C:\WINDOWS\System32\RPCRT4.dll
0x00007ffffa120000 - 0x00007ffffa2c0000 	C:\WINDOWS\System32\USER32.dll
0x00007ffff7f40000 - 0x00007ffff7f62000 	C:\WINDOWS\System32\win32u.dll
0x00007ffffa520000 - 0x00007ffffa54a000 	C:\WINDOWS\System32\GDI32.dll
0x00007ffff7e30000 - 0x00007ffff7f3b000 	C:\WINDOWS\System32\gdi32full.dll
0x00007ffff7b80000 - 0x00007ffff7c1d000 	C:\WINDOWS\System32\msvcp_win.dll
0x00007ffff13b0000 - 0x00007ffff164a000 	C:\WINDOWS\WinSxS\amd64_microsoft.windows.common-controls_6595b64144ccf1df_6.0.19041.1110_none_60b5254171f9507e\COMCTL32.dll
0x00007ffff2320000 - 0x00007ffff232a000 	C:\WINDOWS\SYSTEM32\VERSION.dll
0x00007ffff90f0000 - 0x00007ffff9120000 	C:\WINDOWS\System32\IMM32.DLL
0x00007ffff3950000 - 0x00007ffff395c000 	C:\Program Files\Java\jdk-17.0.2\bin\vcruntime140_1.dll
0x00007fffe05f0000 - 0x00007fffe067d000 	C:\Program Files\Java\jdk-17.0.2\bin\msvcp140.dll
0x00007fffa0060000 - 0x00007fffa0c21000 	C:\Program Files\Java\jdk-17.0.2\bin\server\jvm.dll
0x00007ffffac40000 - 0x00007ffffac48000 	C:\WINDOWS\System32\PSAPI.DLL
0x00007fffe1a10000 - 0x00007fffe1a19000 	C:\WINDOWS\SYSTEM32\WSOCK32.dll
0x00007ffffac50000 - 0x00007ffffacbb000 	C:\WINDOWS\System32\WS2_32.dll
0x00007fffea690000 - 0x00007fffea6b7000 	C:\WINDOWS\SYSTEM32\WINMM.dll
0x00007ffff5960000 - 0x00007ffff5972000 	C:\WINDOWS\SYSTEM32\kernel.appcore.dll
0x00007ffff3940000 - 0x00007ffff394a000 	C:\Program Files\Java\jdk-17.0.2\bin\jimage.dll
0x00007fffe73b0000 - 0x00007fffe7594000 	C:\WINDOWS\SYSTEM32\DBGHELP.DLL
0x00007fffdfc50000 - 0x00007fffdfc7c000 	C:\WINDOWS\SYSTEM32\dbgcore.DLL
0x00007ffff7af0000 - 0x00007ffff7b72000 	C:\WINDOWS\System32\bcryptPrimitives.dll
0x00007ffff38c0000 - 0x00007ffff38ce000 	C:\Program Files\Java\jdk-17.0.2\bin\instrument.dll
0x00007ffff3910000 - 0x00007ffff3935000 	C:\Program Files\Java\jdk-17.0.2\bin\java.dll
0x00007fffd6510000 - 0x00007fffd65e6000 	C:\Program Files\Java\jdk-17.0.2\bin\jsvml.dll
0x00007ffff9190000 - 0x00007ffff98d3000 	C:\WINDOWS\System32\SHELL32.dll
0x00007ffff5b60000 - 0x00007ffff62f5000 	C:\WINDOWS\SYSTEM32\windows.storage.dll
0x00007ffff9a00000 - 0x00007ffff9d54000 	C:\WINDOWS\System32\combase.dll
0x00007ffff74a0000 - 0x00007ffff74d0000 	C:\WINDOWS\SYSTEM32\Wldp.dll
0x00007ffff8420000 - 0x00007ffff84cd000 	C:\WINDOWS\System32\SHCORE.dll
0x00007ffff83c0000 - 0x00007ffff8415000 	C:\WINDOWS\System32\shlwapi.dll
0x00007ffff7980000 - 0x00007ffff799f000 	C:\WINDOWS\SYSTEM32\profapi.dll
0x00007fffefaa0000 - 0x00007fffefab8000 	C:\Program Files\Java\jdk-17.0.2\bin\zip.dll
0x00007ffff3060000 - 0x00007ffff3079000 	C:\Program Files\Java\jdk-17.0.2\bin\net.dll
0x00007fffea580000 - 0x00007fffea68a000 	C:\WINDOWS\SYSTEM32\WINHTTP.dll
0x00007ffff7200000 - 0x00007ffff726a000 	C:\WINDOWS\system32\mswsock.dll
0x00007fffefac0000 - 0x00007fffefad6000 	C:\Program Files\Java\jdk-17.0.2\bin\nio.dll
0x00007fffe4b30000 - 0x00007fffe4b4a000 	C:\Program Files\JetBrains\IntelliJ IDEA Community Edition 2021.3.2\bin\breakgen64.dll
0x00007ffff73f0000 - 0x00007ffff7408000 	C:\WINDOWS\SYSTEM32\CRYPTSP.dll
0x00007ffff6b20000 - 0x00007ffff6b54000 	C:\WINDOWS\system32\rsaenh.dll
0x00007ffff7fc0000 - 0x00007ffff7fe7000 	C:\WINDOWS\System32\bcrypt.dll
0x00007ffff7940000 - 0x00007ffff796e000 	C:\WINDOWS\SYSTEM32\USERENV.dll
0x00007ffff7410000 - 0x00007ffff741c000 	C:\WINDOWS\SYSTEM32\CRYPTBASE.dll
0x00007ffff6eb0000 - 0x00007ffff6eeb000 	C:\WINDOWS\SYSTEM32\IPHLPAPI.DLL
0x00007ffffacc0000 - 0x00007ffffacc8000 	C:\WINDOWS\System32\NSI.dll
0x00007ffff23e0000 - 0x00007ffff23f7000 	C:\WINDOWS\SYSTEM32\dhcpcsvc6.DLL
0x00007ffff26e0000 - 0x00007ffff26fd000 	C:\WINDOWS\SYSTEM32\dhcpcsvc.DLL
0x00007ffff6ef0000 - 0x00007ffff6fba000 	C:\WINDOWS\SYSTEM32\DNSAPI.dll
0x0000000070bc0000 - 0x0000000070c9c000 	C:\Users\Andrey\AppData\Local\Temp\sqlite-3.36.0.3-eb9ddb10-aa0d-440b-a671-91fa7ec0b02d-sqlitejdbc.dll

dbghelp: loaded successfully - version: 4.0.5 - missing functions: none
symbol engine: initialized successfully - sym options: 0x614 - pdb path: .;C:\Program Files\Java\jdk-17.0.2\bin;C:\WINDOWS\SYSTEM32;C:\WINDOWS\WinSxS\amd64_microsoft.windows.common-controls_6595b64144ccf1df_6.0.19041.1110_none_60b5254171f9507e;C:\Program Files\Java\jdk-17.0.2\bin\server;C:\Program Files\JetBrains\IntelliJ IDEA Community Edition 2021.3.2\bin;C:\Users\Andrey\AppData\Local\Temp

VM Arguments:
jvm_args: -javaagent:C:\Program Files\JetBrains\IntelliJ IDEA Community Edition 2021.3.2\lib\idea_rt.jar=62702:C:\Program Files\JetBrains\IntelliJ IDEA Community Edition 2021.3.2\bin -Dfile.encoding=UTF-8 
java_command: kz.prudnikov.test.Starter
java_class_path (initial): D:\Java\2022\SkyTecTest\target\classes;C:\Users\Andrey\.m2\repository\org\xerial\sqlite-jdbc\3.36.0.3\sqlite-jdbc-3.36.0.3.jar
Launcher Type: SUN_STANDARD

[Global flags]
     intx CICompilerCount                          = 3                                         {product} {ergonomic}
     uint ConcGCThreads                            = 1                                         {product} {ergonomic}
     uint G1ConcRefinementThreads                  = 4                                         {product} {ergonomic}
   size_t G1HeapRegionSize                         = 1048576                                   {product} {ergonomic}
    uintx GCDrainStackTargetSize                   = 64                                        {product} {ergonomic}
   size_t InitialHeapSize                          = 134217728                                 {product} {ergonomic}
   size_t MarkStackSize                            = 4194304                                   {product} {ergonomic}
   size_t MaxHeapSize                              = 2145386496                                {product} {ergonomic}
   size_t MaxNewSize                               = 1286602752                                {product} {ergonomic}
   size_t MinHeapDeltaBytes                        = 1048576                                   {product} {ergonomic}
   size_t MinHeapSize                              = 8388608                                   {product} {ergonomic}
    uintx NonNMethodCodeHeapSize                   = 5832780                                {pd product} {ergonomic}
    uintx NonProfiledCodeHeapSize                  = 122912730                              {pd product} {ergonomic}
    uintx ProfiledCodeHeapSize                     = 122912730                              {pd product} {ergonomic}
    uintx ReservedCodeCacheSize                    = 251658240                              {pd product} {ergonomic}
     bool SegmentedCodeCache                       = true                                      {product} {ergonomic}
   size_t SoftMaxHeapSize                          = 2145386496                             {manageable} {ergonomic}
     bool UseCompressedClassPointers               = true                           {product lp64_product} {ergonomic}
     bool UseCompressedOops                        = true                           {product lp64_product} {ergonomic}
     bool UseG1GC                                  = true                                      {product} {ergonomic}
     bool UseLargePagesIndividualAllocation        = false                                  {pd product} {ergonomic}

Logging:
Log output configuration:
 #0: stdout all=warning uptime,level,tags
 #1: stderr all=off uptime,level,tags

Environment Variables:
PATH=C:\Program Files\Common Files\Oracle\Java\javapath;C:\Windows\system32;C:\Windows;C:\Windows\System32\Wbem;C:\Windows\System32\WindowsPowerShell\v1.0\;C:\Program Files (x86)\NVIDIA Corporation\PhysX\Common;C:\WINDOWS\system32;C:\WINDOWS;C:\WINDOWS\System32\Wbem;C:\WINDOWS\System32\WindowsPowerShell\v1.0\;C:\WINDOWS\System32\OpenSSH\;C:\Program Files\Git\cmd;C:\Program Files\Docker\Docker\resources\bin;C:\ProgramData\DockerDesktop\version-bin;C:\Program Files\PuTTY\;C:\Users\Andrey\AppData\Local\Microsoft\WindowsApps;
USERNAME=Andrey
OS=Windows_NT
PROCESSOR_IDENTIFIER=Intel64 Family 6 Model 37 Stepping 2, GenuineIntel



---------------  S Y S T E M  ---------------

OS:
 Windows 10 , 64 bit Build 19041 (10.0.19041.1889)
OS uptime: 0 days 4:58 hours

CPU: total 4 (initial active 4) (2 cores per cpu, 2 threads per core) family 6 model 37 stepping 2 microcode 0x11, cx8, cmov, fxsr, ht, mmx, sse, sse2, sse3, ssse3, sse4.1, sse4.2, popcnt, tsc, tscinvbit, aes, clmul, clflush

Memory: 4k page, system-wide physical 8183M (2418M free)
TotalPageFile size 43183M (AvailPageFile size 33685M)
current process WorkingSet (physical memory assigned to process): 47M, peak: 47M
current process commit charge ("private bytes"): 207M, peak: 207M

vm_info: Java HotSpot(TM) 64-Bit Server VM (17.0.2+8-LTS-86) for windows-amd64 JRE (17.0.2+8-LTS-86), built on Dec  7 2021 21:51:03 by "mach5one" with MS VC++ 16.8 / 16.9 (VS2019)

END.
